d:\pt_game\gamedev-intro-tutorials\05-scencemanager\debug\vc142.pdb
d:\pt_game\gamedev-intro-tutorials\05-scencemanager\debug\vc142.idb
d:\pt_game\gamedev-intro-tutorials\05-scencemanager\debug\mushroom.obj
d:\pt_game\gamedev-intro-tutorials\05-scencemanager\debug\mariobullet.obj
d:\pt_game\gamedev-intro-tutorials\05-scencemanager\debug\map.obj
d:\pt_game\gamedev-intro-tutorials\05-scencemanager\debug\leaf.obj
d:\pt_game\gamedev-intro-tutorials\05-scencemanager\debug\koopas.obj
d:\pt_game\gamedev-intro-tutorials\05-scencemanager\debug\hud.obj
d:\pt_game\gamedev-intro-tutorials\05-scencemanager\debug\grid.obj
d:\pt_game\gamedev-intro-tutorials\05-scencemanager\debug\greenbush.obj
d:\pt_game\gamedev-intro-tutorials\05-scencemanager\debug\fireflower.obj
d:\pt_game\gamedev-intro-tutorials\05-scencemanager\debug\firebullet.obj
d:\pt_game\gamedev-intro-tutorials\05-scencemanager\debug\coin.obj
d:\pt_game\gamedev-intro-tutorials\05-scencemanager\debug\carditem.obj
d:\pt_game\gamedev-intro-tutorials\05-scencemanager\debug\camera.obj
d:\pt_game\gamedev-intro-tutorials\05-scencemanager\debug\brick.obj
d:\pt_game\gamedev-intro-tutorials\05-scencemanager\debug\breakpiece.obj
d:\pt_game\gamedev-intro-tutorials\05-scencemanager\debug\breakablebrick.obj
d:\pt_game\gamedev-intro-tutorials\05-scencemanager\debug\boomerangkoopas.obj
d:\pt_game\gamedev-intro-tutorials\05-scencemanager\debug\boomerang.obj
d:\pt_game\gamedev-intro-tutorials\05-scencemanager\debug\block.obj
d:\pt_game\gamedev-intro-tutorials\05-scencemanager\debug\animations.obj
d:\pt_game\gamedev-intro-tutorials\05-scencemanager\debug\textures.obj
d:\pt_game\gamedev-intro-tutorials\05-scencemanager\debug\sprites.obj
d:\pt_game\gamedev-intro-tutorials\05-scencemanager\debug\scence.obj
d:\pt_game\gamedev-intro-tutorials\05-scencemanager\debug\playscence.obj
d:\pt_game\gamedev-intro-tutorials\05-scencemanager\debug\mario.obj
d:\pt_game\gamedev-intro-tutorials\05-scencemanager\debug\main.obj
d:\pt_game\gamedev-intro-tutorials\05-scencemanager\debug\goomba.obj
d:\pt_game\gamedev-intro-tutorials\05-scencemanager\debug\gameobject.obj
d:\pt_game\gamedev-intro-tutorials\05-scencemanager\debug\game.obj
d:\pt_game\gamedev-intro-tutorials\05-scencemanager\debug\utils.obj
d:\pt_game\gamedev-intro-tutorials\05-scencemanager\debug\tail.obj
d:\pt_game\gamedev-intro-tutorials\05-scencemanager\debug\switch.obj
d:\pt_game\gamedev-intro-tutorials\05-scencemanager\debug\stoppoint.obj
d:\pt_game\gamedev-intro-tutorials\05-scencemanager\debug\redgoomba.obj
d:\pt_game\gamedev-intro-tutorials\05-scencemanager\debug\questionbrick.obj
d:\pt_game\gamedev-intro-tutorials\05-scencemanager\debug\portal.obj
d:\pt_game\gamedev-intro-tutorials\05-scencemanager\debug\point.obj
d:\pt_game\gamedev-intro-tutorials\05-scencemanager\debug\piranhaplantfire.obj
d:\pt_game\gamedev-intro-tutorials\05-scencemanager\debug\piranhaplant.obj
d:\pt_game\gamedev-intro-tutorials\05-scencemanager\debug\musicbrick.obj
d:\pt_game\gamedev-intro-tutorials\05-scencemanager\debug\worldscene.obj
d:\pt_game\gamedev-intro-tutorials\05-scencemanager\debug\worldplayer.obj
d:\pt_game\gamedev-intro-tutorials\debug\05-scencemanager.exe
d:\pt_game\gamedev-intro-tutorials\debug\05-scencemanager.ilk
d:\pt_game\gamedev-intro-tutorials\debug\05-scencemanager.pdb
d:\pt_game\gamedev-intro-tutorials\05-scencemanager\debug\05-scencemanager.tlog\cl.command.1.tlog
d:\pt_game\gamedev-intro-tutorials\05-scencemanager\debug\05-scencemanager.tlog\cl.read.1.tlog
d:\pt_game\gamedev-intro-tutorials\05-scencemanager\debug\05-scencemanager.tlog\cl.write.1.tlog
d:\pt_game\gamedev-intro-tutorials\05-scencemanager\debug\05-scencemanager.tlog\link.command.1.tlog
d:\pt_game\gamedev-intro-tutorials\05-scencemanager\debug\05-scencemanager.tlog\link.read.1.tlog
d:\pt_game\gamedev-intro-tutorials\05-scencemanager\debug\05-scencemanager.tlog\link.write.1.tlog
